COMP 412, Lab3, Autograder
--------------------------

The Lab 3 autograder no longer measures running time.
Use the autotimer instead. It provides more accurate results.

Correcness and Effectiveness results are printed at the
bottom of the log. Effectiveness of > 0.90 is full credit.

... Gathering cycle counts from lab3_ref ...
 
======== testing rew9.tar ========
Name: Rose Whitt	NetID: rew9
=== built executable; should be ready to run ===

File		Lab	Ref	Difference
------------------------------------------
T001k.i		506	505	1
report01.i	39	25	14
report02.i	23	23	0
report03.i	26	26	0
report04.i	48	33	15
report05.i	84	25	59
report06.i	122	44	78
report07.i	74	36	38
report08.i	15	15	0
report09.i	44	26	18
report10.i	79	40	39
report11.i	79	30	49
report12.i	28	21	7
report13.i	30	25	5
report14.i	22	19	3
report15.i	63	23	40
report16.i	101	52	49
report17.i	25	21	4
report18.i	35	22	13
report19.i	47	38	9
report20.i	68	22	46
report21.i	80	72	8
report22.i	58	52	6
report23.i	77	69	8

======= finished rew9.tar =======


Correctness results:	(sorted NetID order)
	 Rose Whitt 	 rew9 	 1.0

Effectiveness Results:	(sorted point order)
	 Rose Whitt 	 rew9 	 0.700
 
