Autotimer: using Scalability SLOCs blocks
5 trials at each block size
=======================================================================
Testing submission: rew9.tar
NetId: rew9	Name: Rose Whitt
=== built executable; should be ready to run ===

Testing Scalability:

	T001k.i:  	0.0863 seconds
	T002k.i:  	0.1248 seconds
	T004k.i:  	0.2086 seconds
	T008k.i:  	0.3929 seconds
	T016k.i:  	0.7443 seconds
	T032k.i:  	1.4865 seconds
	T064k.i:  	3.0953 seconds
	T128k.i:  	6.2606 seconds

Scaling score is 100
Efficiency score is 100	(python , 6.260669)

finished timing run on submission rew9.tar
=======================================================================

Timing run complete.
