Autotimer: using Scalability SLOCs blocks
5 trials at each block size
=======================================================================
Testing submission: rew9.tar
NetId: rew9	Name: Rose Whitt
=== built executable; should be ready to run ===

Testing Scalability:


--> Scheduler exceeded timeout value

	T001k.i:  	0.1576 seconds
	T002k.i:  	0.3928 seconds
	T004k.i:  	1.3440 seconds
	T008k.i:  	4.9294 seconds
	T016k.i:  	19.858 seconds
	T032k.i:  	60.007 seconds
	T064k.i:  	60.004 seconds
	T128k.i:  	60.008 seconds

Scaling score is 0
Efficiency score is 0	(python , 60.008970999999995)

	Anomalous behavior: 4 inputs showed no growth

finished timing run on submission rew9.tar
=======================================================================

Timing run complete.
