Autotimer: using Scalability SLOCs blocks
5 trials at each block size
=======================================================================
Testing submission: rew9.tar
NetId: rew9	Name: Rose Whitt
=== built executable; should be ready to run ===

Testing Scalability:


--> Scheduler exceeded timeout value

	T001k.i:  	0.1599 seconds
	T002k.i:  	0.4336 seconds
	T004k.i:  	1.7976 seconds
	T008k.i:  	5.2113 seconds
	T016k.i:  	19.683 seconds
	T032k.i:  	60.004 seconds
	T064k.i:  	60.008 seconds
	T128k.i:  	60.002 seconds

Scaling score is 0
Efficiency score is 0	(python , 60.002854)

	Anomalous behavior: 4 inputs showed no growth

finished timing run on submission rew9.tar
=======================================================================

Timing run complete.
